<?xml version="1.0" encoding="UTF-8"?>
<!-- Generated by org.testng.reporters.JUnitReportReporter -->
<testsuite hostname="DESKTOP-IFJIGM4" failures="0" tests="2" name="variousPackage.LoginTest" time="12.952" errors="0" timestamp="31 Mar 2022 14:16:53 GMT" skipped="0">
  <testcase classname="variousPackage.LoginTest" name="loginTest" time="5.516"/>
  <testcase classname="variousPackage.LoginTest" name="addCustomerTest" time="7.436"/>
</testsuite> <!-- variousPackage.LoginTest -->
